<?xml version="1.0" encoding="UTF-8"?>
<!-- Generated by org.testng.reporters.JUnitXMLReporter -->
<testsuite hostname="DESKTOP-0J47P2G" ignored="0" name="Default test" tests="3" failures="0" timestamp="30 Jul 2020 02:42:30 GMT" time="28.163" errors="0">
  <testcase name="verifySignUpLinkTest" time="8.287" classname="com.qa.hubspot.tests.LoginPageTest"/>
  <testcase name="verifyLoginPageTitleTest" time="0.134" classname="com.qa.hubspot.tests.LoginPageTest"/>
  <testcase name="loginTest" time="1.427" classname="com.qa.hubspot.tests.LoginPageTest"/>
</testsuite> <!-- Default test -->
