<?xml version="1.0" encoding="UTF-8"?>
<!-- Generated by org.testng.reporters.JUnitXMLReporter -->
<testsuite hostname="DESKTOP-0J47P2G" ignored="0" name="Default test" tests="3" failures="0" timestamp="25 Jul 2020 02:27:41 GMT" time="37.538" errors="0">
  <testcase name="verifySignUpLinkTest" time="7.175" classname="com.qa.hubspot.tests.LoginPageTest"/>
  <testcase name="verifyLoginPageTitleTest" time="0.39" classname="com.qa.hubspot.tests.LoginPageTest"/>
  <testcase name="loginTest" time="2.788" classname="com.qa.hubspot.tests.LoginPageTest"/>
</testsuite> <!-- Default test -->
