<?xml version="1.0" encoding="UTF-8"?>
<!-- Generated by org.testng.reporters.JUnitXMLReporter -->
<testsuite hostname="DESKTOP-0J47P2G" ignored="0" name="HubSpot Feature Testing - chrome" tests="3" failures="0" timestamp="27 Jul 2020 02:56:22 GMT" time="35.211" errors="0">
  <testcase name="verifySignUpLinkTest" time="7.93" classname="com.qa.hubspot.tests.LoginPageTest"/>
  <testcase name="verifyLoginPageTitleTest" time="0.272" classname="com.qa.hubspot.tests.LoginPageTest"/>
  <testcase name="loginTest" time="1.713" classname="com.qa.hubspot.tests.LoginPageTest"/>
</testsuite> <!-- HubSpot Feature Testing - chrome -->
