<?xml version="1.0" encoding="UTF-8"?>
<!-- Generated by org.testng.reporters.JUnitXMLReporter -->
<testsuite hostname="DESKTOP-0J47P2G" ignored="0" name="HubSpot Feature Testing - firefox" tests="3" failures="0" timestamp="26 Jul 2020 02:00:33 GMT" time="86.075" errors="0">
  <testcase name="verifySignUpLinkTest" time="6.363" classname="com.qa.hubspot.tests.LoginPageTest"/>
  <testcase name="verifyLoginPageTitleTest" time="0.138" classname="com.qa.hubspot.tests.LoginPageTest"/>
  <testcase name="loginTest" time="4.596" classname="com.qa.hubspot.tests.LoginPageTest"/>
</testsuite> <!-- HubSpot Feature Testing - firefox -->
