<?xml version="1.0" encoding="UTF-8"?>
<!-- Generated by org.testng.reporters.JUnitXMLReporter -->
<testsuite hostname="DESKTOP-0J47P2G" ignored="0" name="HubSpot Feature Testing - chrome" tests="3" failures="0" timestamp="26 Jul 2020 01:59:52 GMT" time="45.168" errors="0">
  <testcase name="verifySignUpLinkTest" time="8.858" classname="com.qa.hubspot.tests.LoginPageTest"/>
  <testcase name="verifyLoginPageTitleTest" time="0.543" classname="com.qa.hubspot.tests.LoginPageTest"/>
  <testcase name="loginTest" time="15.405" classname="com.qa.hubspot.tests.LoginPageTest"/>
</testsuite> <!-- HubSpot Feature Testing - chrome -->
