<?xml version="1.0" encoding="UTF-8"?>
<testng-results skipped="0" failed="0" ignored="0" total="3" passed="3">
  <reporter-output>
  </reporter-output>
  <suite name="Hub spot Test automtion regression suite" duration-ms="30574" started-at="2020-07-27T03:25:46Z" finished-at="2020-07-27T03:26:16Z">
    <groups>
    </groups>
    <test name="HubSpot Feature Testing - chrome" duration-ms="30574" started-at="2020-07-27T03:25:46Z" finished-at="2020-07-27T03:26:16Z">
      <class name="com.qa.hubspot.tests.LoginPageTest">
        <test-method status="PASS" signature="setUp(java.lang.String)[pri:0, instance:com.qa.hubspot.tests.LoginPageTest@51bde877]" name="setUp" is-config="true" duration-ms="17333" started-at="2020-07-27T03:25:46Z" finished-at="2020-07-27T03:26:03Z">
          <params>
            <param index="0">
              <value>
                <![CDATA[chrome]]>
              </value>
            </param>
          </params>
          <reporter-output>
          </reporter-output>
        </test-method> <!-- setUp -->
        <test-method status="PASS" signature="verifySignUpLinkTest()[pri:1, instance:com.qa.hubspot.tests.LoginPageTest@51bde877]" name="verifySignUpLinkTest" duration-ms="9118" started-at="2020-07-27T03:26:03Z" finished-at="2020-07-27T03:26:13Z">
          <reporter-output>
          </reporter-output>
        </test-method> <!-- verifySignUpLinkTest -->
        <test-method status="PASS" signature="verifyLoginPageTitleTest()[pri:2, instance:com.qa.hubspot.tests.LoginPageTest@51bde877]" name="verifyLoginPageTitleTest" duration-ms="399" started-at="2020-07-27T03:26:13Z" finished-at="2020-07-27T03:26:14Z">
          <reporter-output>
          </reporter-output>
        </test-method> <!-- verifyLoginPageTitleTest -->
        <test-method status="PASS" signature="loginTest()[pri:3, instance:com.qa.hubspot.tests.LoginPageTest@51bde877]" name="loginTest" duration-ms="1564" started-at="2020-07-27T03:26:14Z" finished-at="2020-07-27T03:26:15Z">
          <reporter-output>
          </reporter-output>
        </test-method> <!-- loginTest -->
        <test-method status="PASS" signature="tearDown()[pri:0, instance:com.qa.hubspot.tests.LoginPageTest@51bde877]" name="tearDown" is-config="true" duration-ms="1223" started-at="2020-07-27T03:26:15Z" finished-at="2020-07-27T03:26:16Z">
          <reporter-output>
          </reporter-output>
        </test-method> <!-- tearDown -->
      </class> <!-- com.qa.hubspot.tests.LoginPageTest -->
    </test> <!-- HubSpot Feature Testing - chrome -->
  </suite> <!-- Hub spot Test automtion regression suite -->
</testng-results>
