<?xml version="1.0" encoding="UTF-8"?>
<testng-results skipped="0" failed="0" ignored="0" total="3" passed="3">
  <reporter-output>
  </reporter-output>
  <suite name="Default suite" duration-ms="28163" started-at="2020-07-30T02:42:02Z" finished-at="2020-07-30T02:42:30Z">
    <groups>
    </groups>
    <test name="Default test" duration-ms="28163" started-at="2020-07-30T02:42:02Z" finished-at="2020-07-30T02:42:30Z">
      <class name="com.qa.hubspot.tests.LoginPageTest">
        <test-method status="PASS" signature="setUp(java.lang.String)[pri:0, instance:com.qa.hubspot.tests.LoginPageTest@53667cbe]" name="setUp" is-config="true" duration-ms="16420" started-at="2020-07-30T02:42:02Z" finished-at="2020-07-30T02:42:18Z">
          <params>
            <param index="0">
              <value is-null="true"/>
            </param>
          </params>
          <reporter-output>
          </reporter-output>
        </test-method> <!-- setUp -->
        <test-method status="PASS" signature="verifySignUpLinkTest()[pri:1, instance:com.qa.hubspot.tests.LoginPageTest@53667cbe]" name="verifySignUpLinkTest" duration-ms="8287" started-at="2020-07-30T02:42:18Z" finished-at="2020-07-30T02:42:26Z">
          <reporter-output>
          </reporter-output>
        </test-method> <!-- verifySignUpLinkTest -->
        <test-method status="PASS" signature="verifyLoginPageTitleTest()[pri:2, instance:com.qa.hubspot.tests.LoginPageTest@53667cbe]" name="verifyLoginPageTitleTest" duration-ms="134" started-at="2020-07-30T02:42:27Z" finished-at="2020-07-30T02:42:27Z">
          <reporter-output>
          </reporter-output>
        </test-method> <!-- verifyLoginPageTitleTest -->
        <test-method status="PASS" signature="loginTest()[pri:3, instance:com.qa.hubspot.tests.LoginPageTest@53667cbe]" name="loginTest" duration-ms="1427" started-at="2020-07-30T02:42:27Z" finished-at="2020-07-30T02:42:28Z">
          <reporter-output>
          </reporter-output>
        </test-method> <!-- loginTest -->
        <test-method status="PASS" signature="tearDown()[pri:0, instance:com.qa.hubspot.tests.LoginPageTest@53667cbe]" name="tearDown" is-config="true" duration-ms="1230" started-at="2020-07-30T02:42:28Z" finished-at="2020-07-30T02:42:30Z">
          <reporter-output>
          </reporter-output>
        </test-method> <!-- tearDown -->
      </class> <!-- com.qa.hubspot.tests.LoginPageTest -->
    </test> <!-- Default test -->
  </suite> <!-- Default suite -->
</testng-results>
